<?xml version="1.0" encoding="UTF-8"?>
<!-- Generated by org.testng.reporters.JUnitXMLReporter -->
<testsuite hostname="DESKTOP-SKKJRMI" ignored="0" name="Surefire test" tests="6" failures="0" timestamp="2020-08-15T13:15:45 IST" time="0.272" errors="0">
  <testcase name="mobileAutomation" time="0.016" classname="qaclickacademy.Mavenjava.AppiumTest"/>
  <testcase name="mobiletest" time="0.001" classname="qaclickacademy.Mavenjava.AppiumTest"/>
  <testcase name="Apidelete" time="0.0" classname="qaclickacademy.Mavenjava.RESTAPITest"/>
  <testcase name="Apitest" time="0.001" classname="qaclickacademy.Mavenjava.RESTAPITest"/>
  <testcase name="BrowserAutomation" time="0.001" classname="qaclickacademy.Mavenjava.SeleniumTest"/>
  <testcase name="elementui" time="0.001" classname="qaclickacademy.Mavenjava.SeleniumTest"/>
</testsuite> <!-- Surefire test -->
