<?xml version="1.0" encoding="UTF-8"?>
<testng-results skipped="0" failed="0" ignored="0" total="6" passed="6">
  <reporter-output>
  </reporter-output>
  <suite name="Surefire suite" duration-ms="272" started-at="2020-08-15T13:15:45 IST" finished-at="2020-08-15T13:15:45 IST">
    <groups>
    </groups>
    <test name="Surefire test" duration-ms="272" started-at="2020-08-15T13:15:45 IST" finished-at="2020-08-15T13:15:45 IST">
      <class name="qaclickacademy.Mavenjava.AppiumTest">
        <test-method status="PASS" signature="mobileAutomation()[pri:0, instance:qaclickacademy.Mavenjava.AppiumTest@4566e5bd]" name="mobileAutomation" duration-ms="16" started-at="2020-08-15T13:15:45 IST" finished-at="2020-08-15T13:15:45 IST">
          <reporter-output>
          </reporter-output>
        </test-method> <!-- mobileAutomation -->
        <test-method status="PASS" signature="mobiletest()[pri:0, instance:qaclickacademy.Mavenjava.AppiumTest@4566e5bd]" name="mobiletest" duration-ms="1" started-at="2020-08-15T13:15:45 IST" finished-at="2020-08-15T13:15:45 IST">
          <reporter-output>
          </reporter-output>
        </test-method> <!-- mobiletest -->
      </class> <!-- qaclickacademy.Mavenjava.AppiumTest -->
      <class name="qaclickacademy.Mavenjava.RESTAPITest">
        <test-method status="PASS" signature="Apidelete()[pri:0, instance:qaclickacademy.Mavenjava.RESTAPITest@1ed4004b]" name="Apidelete" duration-ms="0" started-at="2020-08-15T13:15:45 IST" finished-at="2020-08-15T13:15:45 IST">
          <reporter-output>
          </reporter-output>
        </test-method> <!-- Apidelete -->
        <test-method status="PASS" signature="Apitest()[pri:0, instance:qaclickacademy.Mavenjava.RESTAPITest@1ed4004b]" name="Apitest" duration-ms="1" started-at="2020-08-15T13:15:45 IST" finished-at="2020-08-15T13:15:45 IST">
          <reporter-output>
          </reporter-output>
        </test-method> <!-- Apitest -->
      </class> <!-- qaclickacademy.Mavenjava.RESTAPITest -->
      <class name="qaclickacademy.Mavenjava.SeleniumTest">
        <test-method status="PASS" signature="BrowserAutomation()[pri:0, instance:qaclickacademy.Mavenjava.SeleniumTest@ff5b51f]" name="BrowserAutomation" duration-ms="1" started-at="2020-08-15T13:15:45 IST" finished-at="2020-08-15T13:15:45 IST">
          <reporter-output>
          </reporter-output>
        </test-method> <!-- BrowserAutomation -->
        <test-method status="PASS" signature="elementui()[pri:0, instance:qaclickacademy.Mavenjava.SeleniumTest@ff5b51f]" name="elementui" duration-ms="1" started-at="2020-08-15T13:15:45 IST" finished-at="2020-08-15T13:15:45 IST">
          <reporter-output>
          </reporter-output>
        </test-method> <!-- elementui -->
      </class> <!-- qaclickacademy.Mavenjava.SeleniumTest -->
    </test> <!-- Surefire test -->
  </suite> <!-- Surefire suite -->
</testng-results>
