<?xml version="1.0" encoding="UTF-8"?>
<testng-results skipped="0" failed="0" ignored="0" total="1" passed="1">
  <reporter-output>
  </reporter-output>
  <suite name="Default suite" duration-ms="56728" started-at="2020-08-30T01:01:28 IST" finished-at="2020-08-30T01:02:25 IST">
    <groups>
    </groups>
    <test name="Default test" duration-ms="56728" started-at="2020-08-30T01:01:28 IST" finished-at="2020-08-30T01:02:25 IST">
      <class name="qaclickacademy.Mavenjava.HomePage">
        <test-method status="PASS" signature="basePageNavigation()[pri:0, instance:qaclickacademy.Mavenjava.HomePage@7cbd213e]" name="basePageNavigation" duration-ms="56568" started-at="2020-08-30T01:01:28 IST" finished-at="2020-08-30T01:02:25 IST">
          <reporter-output>
          </reporter-output>
        </test-method> <!-- basePageNavigation -->
      </class> <!-- qaclickacademy.Mavenjava.HomePage -->
    </test> <!-- Default test -->
  </suite> <!-- Default suite -->
</testng-results>
